[08Sep2025 00:00:04.073] [Server thread/INFO] [net.minecraft.server.MinecraftServer/]: papusander tried to swim in lava
[08Sep2025 00:01:59.868] [Server thread/INFO] [net.minecraft.server.MinecraftServer/]: papusander tried to swim in lava
[08Sep2025 00:02:37.521] [Server thread/INFO] [net.minecraft.server.MinecraftServer/]: Locky_JR_ has made the advancement [Oh Shiny]
[08Sep2025 00:11:00.176] [Server thread/WARN] [net.minecraft.server.network.ServerGamePacketListenerImpl/]: Locky_JR_ moved wrongly!
[08Sep2025 00:12:12.877] [Server thread/WARN] [net.minecraft.server.level.ServerPlayerGameMode/]: Mismatch in destroy block pos: BlockPos{x=55, y=34, z=12} BlockPos{x=54, y=33, z=13}
[08Sep2025 00:12:42.423] [Server thread/WARN] [net.minecraft.server.level.ServerPlayerGameMode/]: Mismatch in destroy block pos: BlockPos{x=85, y=39, z=87} BlockPos{x=85, y=37, z=87}
[08Sep2025 00:12:42.474] [Server thread/WARN] [net.minecraft.server.level.ServerPlayerGameMode/]: Mismatch in destroy block pos: BlockPos{x=85, y=39, z=87} BlockPos{x=85, y=37, z=87}
[08Sep2025 00:12:47.326] [Server thread/WARN] [net.minecraft.server.level.ServerPlayerGameMode/]: Mismatch in destroy block pos: BlockPos{x=81, y=40, z=88} BlockPos{x=80, y=39, z=88}
[08Sep2025 00:12:50.324] [Server thread/WARN] [net.minecraft.server.level.ServerPlayerGameMode/]: Mismatch in destroy block pos: BlockPos{x=80, y=40, z=87} BlockPos{x=77, y=39, z=87}
[08Sep2025 00:12:50.376] [Server thread/WARN] [net.minecraft.server.level.ServerPlayerGameMode/]: Mismatch in destroy block pos: BlockPos{x=79, y=40, z=87} BlockPos{x=77, y=39, z=87}
[08Sep2025 00:12:50.426] [Server thread/WARN] [net.minecraft.server.level.ServerPlayerGameMode/]: Mismatch in destroy block pos: BlockPos{x=80, y=41, z=87} BlockPos{x=77, y=39, z=87}
[08Sep2025 00:14:49.125] [Server thread/WARN] [net.minecraft.server.level.ServerPlayerGameMode/]: Mismatch in destroy block pos: BlockPos{x=-936, y=69, z=616} BlockPos{x=-936, y=67, z=616}
[08Sep2025 00:15:13.371] [Server thread/WARN] [net.minecraft.server.level.ServerPlayerGameMode/]: Mismatch in destroy block pos: BlockPos{x=-938, y=69, z=615} BlockPos{x=-937, y=68, z=615}
[08Sep2025 00:16:07.418] [Server thread/INFO] [com.tiviacz.travelersbackpack.TravelersBackpack/]: Created new backpack backup file for papusander with unique ID 9cb1581c-3dd3-4a51-a017-72d9452f5090
[08Sep2025 00:16:07.418] [Server thread/INFO] [com.tiviacz.travelersbackpack.TravelersBackpack/]: Your backpack has been placed at X: -462 Y: 94 Z: 255
[08Sep2025 00:16:07.419] [Server thread/INFO] [net.minecraft.server.MinecraftServer/]: papusander was burnt to a crisp whilst fighting Locky_JR_
[08Sep2025 00:16:43.169] [Server thread/INFO] [com.tiviacz.travelersbackpack.TravelersBackpack/]: Created new backpack backup file for papusander with unique ID 4d4017fc-d499-40b8-83fb-d5ecaab3f47b
[08Sep2025 00:16:43.170] [Server thread/INFO] [com.tiviacz.travelersbackpack.TravelersBackpack/]: Your backpack has been placed at X: -471 Y: 94 Z: 257
[08Sep2025 00:16:43.171] [Server thread/INFO] [net.minecraft.server.MinecraftServer/]: papusander was slain by Locky_JR_ using [Seda :3]
[08Sep2025 00:25:08.816] [Server thread/INFO] [net.minecraft.world.entity.npc.Villager/]: Villager Villager['Villager'/44, l='ServerLevel[SanderGay]', x=28.30, y=108.00, z=-74.70] died, message: 'Villager was squished too much'
[08Sep2025 00:45:02.514] [Server thread/INFO] [net.minecraft.server.MinecraftServer/]: papusander has made the advancement [A Terrible Fortress]
[08Sep2025 00:46:38.164] [Server thread/INFO] [net.minecraft.server.MinecraftServer/]: papusander has made the advancement [Into Fire]
[08Sep2025 00:57:00.424] [Server thread/INFO] [net.minecraft.server.MinecraftServer/]: Locky_JR_ has completed the challenge [Hot Tourist Destinations]
[08Sep2025 00:57:02.513] [Server thread/INFO] [net.minecraft.world.entity.npc.Villager/]: Villager Villager['Villager'/61, l='ServerLevel[SanderGay]', x=28.30, y=108.00, z=-74.30] died, message: 'Villager was squished too much'
[08Sep2025 01:18:13.275] [Server thread/INFO] [net.minecraft.server.network.ServerGamePacketListenerImpl/]: papusander lost connection: Disconnected
[08Sep2025 01:18:13.276] [Server thread/INFO] [net.minecraft.server.MinecraftServer/]: papusander left the game
[08Sep2025 01:18:44.524] [User Authenticator #3/INFO] [net.minecraft.server.network.ServerLoginPacketListenerImpl/]: UUID of player papusander is d09f7031-56b4-437c-8c8a-7190117bd89b
[08Sep2025 01:18:48.027] [Server thread/INFO] [net.minecraft.server.players.PlayerList/]: papusander[/127.57.106.35:39863] logged in with entity id 120168 at (210.69999998807907, 100.9375, -417.1817166450818)
[08Sep2025 01:18:48.031] [Server thread/INFO] [net.minecraft.server.MinecraftServer/]: papusander joined the game
[08Sep2025 01:21:33.678] [Server thread/INFO] [com.tiviacz.travelersbackpack.TravelersBackpack/]: Created new backpack backup file for papusander with unique ID e2a5549f-a528-4f6a-8865-4a147444933b
[08Sep2025 01:21:33.678] [Server thread/INFO] [com.tiviacz.travelersbackpack.TravelersBackpack/]: Your backpack has been placed at X: 130 Y: 94 Z: 1018
[08Sep2025 01:21:33.679] [Server thread/INFO] [net.minecraft.server.MinecraftServer/]: papusander tried to swim in lava
[08Sep2025 01:24:55.366] [Server thread/INFO] [net.minecraft.server.MinecraftServer/]: papusander was slain by Locky_JR_
[08Sep2025 01:25:29.514] [Server thread/INFO] [net.minecraft.server.MinecraftServer/]: papusander was slain by Locky_JR_
[08Sep2025 01:25:37.266] [Server thread/INFO] [net.minecraft.server.MinecraftServer/]: papusander was slain by Locky_JR_
[08Sep2025 01:25:44.666] [Server thread/INFO] [net.minecraft.server.MinecraftServer/]: papusander was slain by Locky_JR_
[08Sep2025 01:25:56.565] [Server thread/INFO] [net.minecraft.server.MinecraftServer/]: papusander was slain by Locky_JR_
[08Sep2025 01:26:06.267] [Server thread/INFO] [net.minecraft.server.MinecraftServer/]: papusander was slain by Locky_JR_
[08Sep2025 01:26:35.566] [Server thread/INFO] [net.minecraft.server.MinecraftServer/]: papusander was slain by Locky_JR_
[08Sep2025 01:26:52.782] [Server thread/INFO] [net.minecraft.server.MinecraftServer/]: papusander was slain by Locky_JR_
[08Sep2025 01:27:08.566] [Server thread/INFO] [net.minecraft.server.MinecraftServer/]: papusander was slain by Locky_JR_
[08Sep2025 01:27:15.166] [Server thread/INFO] [net.minecraft.server.MinecraftServer/]: papusander was slain by Locky_JR_
[08Sep2025 01:27:26.118] [Server thread/INFO] [net.minecraft.server.MinecraftServer/]: papusander was slain by Locky_JR_
[08Sep2025 01:38:59.794] [Server thread/INFO] [net.minecraft.server.MinecraftServer/]: papusander has made the advancement [Suit Up]
[08Sep2025 01:40:48.515] [Server thread/INFO] [net.minecraft.world.entity.npc.Villager/]: Villager Villager['Villager'/60, l='ServerLevel[SanderGay]', x=28.30, y=108.00, z=-74.30] died, message: 'Villager was squished too much'
[08Sep2025 01:49:15.171] [Server thread/INFO] [net.minecraft.server.MinecraftServer/]: papusander has made the advancement [Isn't It Iron Pick]
[08Sep2025 01:51:12.117] [Server thread/INFO] [net.minecraft.world.entity.npc.Villager/]: Villager Villager['Villager'/62, l='ServerLevel[SanderGay]', x=28.30, y=108.00, z=-74.30] died, message: 'Villager was squished too much'
[08Sep2025 01:55:08.492] [Server thread/INFO] [com.tiviacz.travelersbackpack.TravelersBackpack/]: Created new backpack backup file for papusander with unique ID b7ed8017-94e8-4bfd-a607-7a961ec52026
[08Sep2025 01:55:08.492] [Server thread/INFO] [com.tiviacz.travelersbackpack.TravelersBackpack/]: Your backpack has been placed at X: -2231 Y: 63 Z: -713
[08Sep2025 01:55:08.493] [Server thread/INFO] [net.minecraft.server.MinecraftServer/]: papusander fell from a high place
[08Sep2025 01:55:54.339] [Server thread/INFO] [net.minecraft.server.MinecraftServer/]: <papusander> x:-2231 y:63 z:-713
[08Sep2025 02:02:20.625] [Server thread/INFO] [net.minecraft.server.MinecraftServer/]: Locky_JR_ has made the advancement [Diamonds!]
[08Sep2025 02:11:19.534] [Server thread/INFO] [com.tiviacz.travelersbackpack.TravelersBackpack/]: Created new backpack backup file for papusander with unique ID da530b77-285d-4c6f-bc08-240cf56cb1db
[08Sep2025 02:11:19.535] [Server thread/INFO] [com.tiviacz.travelersbackpack.TravelersBackpack/]: Your backpack has been placed at X: -1244 Y: 65 Z: -422
[08Sep2025 02:11:19.535] [Server thread/INFO] [net.minecraft.server.MinecraftServer/]: papusander fell from a high place
